<?xml version="1.0" encoding="UTF-8"?>
<!-- Generated by org.testng.reporters.JUnitReportReporter -->
<testsuite hostname="DESKTOP-GS1DO0J" name="Testcases.TC001" tests="1" failures="0" timestamp="29 May 2018 22:54:29 GMT" time="8.270" errors="0">
  <testcase name="testcase1" time="8.270" classname="Testcases.TC001"/>
</testsuite> <!-- Testcases.TC001 -->
